#
# There is insufficient memory for the Java Runtime Environment to continue.
# Native memory allocation (malloc) failed to allocate 755376 bytes. Error detail: Chunk::new
# Possible reasons:
#   The system is out of physical RAM or swap space
#   This process is running with CompressedOops enabled, and the Java Heap may be blocking the growth of the native heap
# Possible solutions:
#   Reduce memory load on the system
#   Increase physical memory or swap space
#   Check if swap backing store is full
#   Decrease Java heap size (-Xmx/-Xms)
#   Decrease number of Java threads
#   Decrease Java thread stack sizes (-Xss)
#   Set larger code cache with -XX:ReservedCodeCacheSize=
#   JVM is running with Unscaled Compressed Oops mode in which the Java heap is
#     placed in the first 4GB address space. The Java Heap base address is the
#     maximum limit for the native heap growth. Please use -XX:HeapBaseMinAddress
#     to set the Java Heap base and to place the Java Heap above 4GB virtual address.
# This output file may be truncated or incomplete.
#
#  Out of Memory Error (arena.cpp:149), pid=10696, tid=14128
#
# JRE version: OpenJDK Runtime Environment (23.0.2+7) (build 23.0.2+7-58)
# Java VM: OpenJDK 64-Bit Server VM (23.0.2+7-58, mixed mode, sharing, tiered, compressed oops, compressed class ptrs, g1 gc, windows-amd64)
# No core dump will be written. Minidumps are not enabled by default on client versions of Windows
#

---------------  S U M M A R Y ------------

Command Line: -javaagent:C:\Program Files\JetBrains\IntelliJ IDEA Community Edition 2024.1.5\lib\idea_rt.jar=25205:C:\Program Files\JetBrains\IntelliJ IDEA Community Edition 2024.1.5\bin -Dfile.encoding=UTF-8 -Dsun.stdout.encoding=UTF-8 -Dsun.stderr.encoding=UTF-8 vn.scrip.buoi38_bvn.Buoi38BvnApplication

Host: 12th Gen Intel(R) Core(TM) i5-1240P, 16 cores, 7G,  Windows 11 , 64 bit Build 22621 (10.0.22621.5415)
Time: Mon Jan  5 02:38:07 2026 SE Asia Standard Time elapsed time: 2.070737 seconds (0d 0h 0m 2s)

---------------  T H R E A D  ---------------

Current thread (0x000001dd2e5a6340):  JavaThread "C2 CompilerThread1" daemon [_thread_in_native, id=14128, stack(0x000000264ea00000,0x000000264eb00000) (1024K)]


Current CompileTask:
C2:2070 2474       4       java.lang.invoke.MethodType::methodType (69 bytes)

Stack: [0x000000264ea00000,0x000000264eb00000]
Native frames: (J=compiled Java code, j=interpreted, Vv=VM code, C=native code)
V  [jvm.dll+0x6e0b99]  (no source info available)
V  [jvm.dll+0x87e2b3]  (no source info available)
V  [jvm.dll+0x88073e]  (no source info available)
V  [jvm.dll+0x880e13]  (no source info available)
V  [jvm.dll+0x27b006]  (no source info available)
V  [jvm.dll+0xbc06f]  (no source info available)
V  [jvm.dll+0xbc2cb]  (no source info available)
V  [jvm.dll+0x2eea6d]  (no source info available)
V  [jvm.dll+0x606669]  (no source info available)
V  [jvm.dll+0x24def2]  (no source info available)
V  [jvm.dll+0x24e2d5]  (no source info available)
V  [jvm.dll+0x246c54]  (no source info available)
V  [jvm.dll+0x243e04]  (no source info available)
V  [jvm.dll+0x1c34b0]  (no source info available)
V  [jvm.dll+0x253df1]  (no source info available)
V  [jvm.dll+0x2520aa]  (no source info available)
V  [jvm.dll+0x3ee226]  (no source info available)
V  [jvm.dll+0x8254cb]  (no source info available)
V  [jvm.dll+0x6df345]  (no source info available)
C  [ucrtbase.dll+0x29333]  (no source info available)
C  [KERNEL32.DLL+0x1259d]  (no source info available)
C  [ntdll.dll+0x5af78]  (no source info available)

Lock stack of current Java thread (top to bottom):


---------------  P R O C E S S  ---------------

Threads class SMR info:
_java_thread_list=0x000001dd745e6ab0, length=19, elements={
0x000001dd10c185d0, 0x000001dd2e1d5280, 0x000001dd2e1d5fa0, 0x000001dd2e1d7620,
0x000001dd2e1dd0a0, 0x000001dd2e1de450, 0x000001dd2e4021d0, 0x000001dd2e40c4c0,
0x000001dd2e432b20, 0x000001dd2e48cbf0, 0x000001dd2e514580, 0x000001dd2e59bcf0,
0x000001dd2e5a6340, 0x000001dd2e5b2060, 0x000001dd2e7fc2a0, 0x000001dd2e7fc910,
0x000001dd742f5010, 0x000001dd7437b0d0, 0x000001dd7595b220
}

Java Threads: ( => current thread )
  0x000001dd10c185d0 JavaThread "main"                              [_thread_in_vm, id=11100, stack(0x000000264d700000,0x000000264d800000) (1024K)]
  0x000001dd2e1d5280 JavaThread "Reference Handler"          daemon [_thread_blocked, id=17600, stack(0x000000264df00000,0x000000264e000000) (1024K)]
  0x000001dd2e1d5fa0 JavaThread "Finalizer"                  daemon [_thread_blocked, id=12804, stack(0x000000264e000000,0x000000264e100000) (1024K)]
  0x000001dd2e1d7620 JavaThread "Signal Dispatcher"          daemon [_thread_blocked, id=14936, stack(0x000000264e100000,0x000000264e200000) (1024K)]
  0x000001dd2e1dd0a0 JavaThread "Attach Listener"            daemon [_thread_blocked, id=8660, stack(0x000000264e200000,0x000000264e300000) (1024K)]
  0x000001dd2e1de450 JavaThread "Service Thread"             daemon [_thread_blocked, id=25256, stack(0x000000264e300000,0x000000264e400000) (1024K)]
  0x000001dd2e4021d0 JavaThread "Monitor Deflation Thread"   daemon [_thread_blocked, id=21376, stack(0x000000264e400000,0x000000264e500000) (1024K)]
  0x000001dd2e40c4c0 JavaThread "C2 CompilerThread0"         daemon [_thread_in_native, id=6952, stack(0x000000264e500000,0x000000264e600000) (1024K)]
  0x000001dd2e432b20 JavaThread "C1 CompilerThread0"         daemon [_thread_in_native, id=4324, stack(0x000000264e600000,0x000000264e700000) (1024K)]
  0x000001dd2e48cbf0 JavaThread "C1 CompilerThread1"         daemon [_thread_in_native, id=14184, stack(0x000000264e700000,0x000000264e800000) (1024K)]
  0x000001dd2e514580 JavaThread "C1 CompilerThread2"         daemon [_thread_in_native, id=7640, stack(0x000000264e800000,0x000000264e900000) (1024K)]
  0x000001dd2e59bcf0 JavaThread "Common-Cleaner"             daemon [_thread_blocked, id=15516, stack(0x000000264e900000,0x000000264ea00000) (1024K)]
=>0x000001dd2e5a6340 JavaThread "C2 CompilerThread1"         daemon [_thread_in_native, id=14128, stack(0x000000264ea00000,0x000000264eb00000) (1024K)]
  0x000001dd2e5b2060 JavaThread "C2 CompilerThread2"         daemon [_thread_in_native, id=20628, stack(0x000000264eb00000,0x000000264ec00000) (1024K)]
  0x000001dd2e7fc2a0 JavaThread "Monitor Ctrl-Break"         daemon [_thread_in_native, id=20520, stack(0x000000264ec00000,0x000000264ed00000) (1024K)]
  0x000001dd2e7fc910 JavaThread "Notification Thread"        daemon [_thread_blocked, id=19064, stack(0x000000264ed00000,0x000000264ee00000) (1024K)]
  0x000001dd742f5010 JavaThread "C1 CompilerThread3"         daemon [_thread_in_native, id=17008, stack(0x000000264f400000,0x000000264f500000) (1024K)]
  0x000001dd7437b0d0 JavaThread "background-preinit"                [_thread_in_vm, id=19660, stack(0x000000264f500000,0x000000264f600000) (1024K)]
  0x000001dd7595b220 JavaThread "Thread-0"                          [_thread_blocked, id=20164, stack(0x000000264fc00000,0x000000264fd00000) (1024K)]
Total: 19

Other Threads:
  0x000001dd2e1bdda0 VMThread "VM Thread"                           [id=1104, stack(0x000000264de00000,0x000000264df00000) (1024K)]
  0x000001dd2e1ac480 WatcherThread "VM Periodic Task Thread"        [id=14944, stack(0x000000264dd00000,0x000000264de00000) (1024K)]
  0x000001dd10c6e090 WorkerThread "GC Thread#0"                     [id=13736, stack(0x000000264d800000,0x000000264d900000) (1024K)]
  0x000001dd74200c00 WorkerThread "GC Thread#1"                     [id=16608, stack(0x000000264ee00000,0x000000264ef00000) (1024K)]
  0x000001dd74251790 WorkerThread "GC Thread#2"                     [id=22300, stack(0x000000264ef00000,0x000000264f000000) (1024K)]
  0x000001dd7425d170 WorkerThread "GC Thread#3"                     [id=25536, stack(0x000000264f000000,0x000000264f100000) (1024K)]
  0x000001dd7425d520 WorkerThread "GC Thread#4"                     [id=6072, stack(0x000000264f100000,0x000000264f200000) (1024K)]
  0x000001dd7425d8d0 WorkerThread "GC Thread#5"                     [id=24772, stack(0x000000264f200000,0x000000264f300000) (1024K)]
  0x000001dd7425e490 WorkerThread "GC Thread#6"                     [id=20620, stack(0x000000264f300000,0x000000264f400000) (1024K)]
  0x000001dd743835c0 WorkerThread "GC Thread#7"                     [id=17352, stack(0x000000264f600000,0x000000264f700000) (1024K)]
  0x000001dd74382ab0 WorkerThread "GC Thread#8"                     [id=13080, stack(0x000000264f700000,0x000000264f800000) (1024K)]
  0x000001dd74383210 WorkerThread "GC Thread#9"                     [id=7824, stack(0x000000264f800000,0x000000264f900000) (1024K)]
  0x000001dd74382350 WorkerThread "GC Thread#10"                    [id=13036, stack(0x000000264f900000,0x000000264fa00000) (1024K)]
  0x000001dd74381bf0 WorkerThread "GC Thread#11"                    [id=11720, stack(0x000000264fa00000,0x000000264fb00000) (1024K)]
  0x000001dd74381fa0 WorkerThread "GC Thread#12"                    [id=9644, stack(0x000000264fb00000,0x000000264fc00000) (1024K)]
  0x000001dd10c83420 ConcurrentGCThread "G1 Main Marker"            [id=15800, stack(0x000000264d900000,0x000000264da00000) (1024K)]
  0x000001dd10c83f30 WorkerThread "G1 Conc#0"                       [id=14168, stack(0x000000264da00000,0x000000264db00000) (1024K)]
  0x000001dd2e080510 ConcurrentGCThread "G1 Refine#0"               [id=22744, stack(0x000000264db00000,0x000000264dc00000) (1024K)]
  0x000001dd2e080fa0 ConcurrentGCThread "G1 Service"                [id=22876, stack(0x000000264dc00000,0x000000264dd00000) (1024K)]
Total: 19

Threads with active compile tasks:
C2 CompilerThread0  2130 2454       4       java.lang.invoke.MethodType::makeImpl (109 bytes)
C1 CompilerThread0  2131 2722   !   3       java.security.Provider::putService (244 bytes)
C1 CompilerThread1  2131 2725       3       java.security.Provider::implRemoveService (149 bytes)
C1 CompilerThread2  2132 2727       3       java.security.Provider::checkAndUpdateSecureRandom (88 bytes)
C2 CompilerThread1  2133 2474       4       java.lang.invoke.MethodType::methodType (69 bytes)
C2 CompilerThread2  2134 2690       4       java.util.Properties::loadConvert (540 bytes)
C1 CompilerThread3  2134 2726       3       java.security.Provider::putPropertyStrings (214 bytes)
Total: 7

VM state: not at safepoint (normal execution)

VM Mutex/Monitor currently owned by a thread: None

Heap address: 0x0000000085200000, size: 1966 MB, Compressed Oops mode: 32-bit

CDS archive(s) mapped at: [0x000001dd2f000000-0x000001dd2fd70000-0x000001dd2fd70000), size 14090240, SharedBaseAddress: 0x000001dd2f000000, ArchiveRelocationMode: 1.
Compressed class space mapped at: 0x000001dd30000000-0x000001dd70000000, reserved size: 1073741824
Narrow klass base: 0x000001dd2f000000, Narrow klass shift: 0, Narrow klass range: 0x41000000

GC Precious Log:
 CardTable entry size: 512
 Card Set container configuration: InlinePtr #cards 5 size 8 Array Of Cards #cards 10 size 36 Howl #buckets 4 coarsen threshold 1843 Howl Bitmap #cards 512 size 80 coarsen threshold 460 Card regions per heap region 1 cards per card region 2048
 CPUs: 16 total, 16 available
 Memory: 7860M
 Large Page Support: Disabled
 NUMA Support: Disabled
 Compressed Oops: Enabled (32-bit)
 Heap Region Size: 1M
 Heap Min Capacity: 8M
 Heap Initial Capacity: 124M
 Heap Max Capacity: 1966M
 Pre-touch: Disabled
 Parallel Workers: 13
 Concurrent Workers: 3
 Concurrent Refinement Workers: 13
 Periodic GC: Disabled

Heap:
 garbage-first heap   total reserved 2013184K, committed 126976K, used 29938K [0x0000000085200000, 0x0000000100000000)
  region size 1024K, 24 young (24576K), 3 survivors (3072K)
 Metaspace       used 18808K, committed 19200K, reserved 1114112K
  class space    used 2363K, committed 2560K, reserved 1048576K

Heap Regions: E=young(eden), S=young(survivor), O=old, HS=humongous(starts), HC=humongous(continues), CS=collection set, F=free, TAMS=top-at-mark-start, PB=parsable bottom
|   0|0x0000000085200000, 0x0000000085300000, 0x0000000085300000|100%|HS|  |TAMS 0x0000000085200000| PB 0x0000000085200000| Complete |  0
|   1|0x0000000085300000, 0x0000000085400000, 0x0000000085400000|100%|HS|  |TAMS 0x0000000085300000| PB 0x0000000085300000| Complete |  0
|   2|0x0000000085400000, 0x0000000085500000, 0x0000000085500000|100%| O|  |TAMS 0x0000000085400000| PB 0x0000000085400000| Untracked |  0
|   3|0x0000000085500000, 0x0000000085600000, 0x0000000085600000|100%| O|  |TAMS 0x0000000085500000| PB 0x0000000085500000| Untracked |  0
|   4|0x0000000085600000, 0x0000000085700000, 0x0000000085700000|100%| O|  |TAMS 0x0000000085600000| PB 0x0000000085600000| Untracked |  0
|   5|0x0000000085700000, 0x0000000085800000, 0x0000000085800000|100%| O|  |TAMS 0x0000000085700000| PB 0x0000000085700000| Untracked |  0
|   6|0x0000000085800000, 0x0000000085900000, 0x0000000085900000|100%| O|  |TAMS 0x0000000085800000| PB 0x0000000085800000| Untracked |  0
|   7|0x0000000085900000, 0x00000000859e5690, 0x0000000085a00000| 89%| O|  |TAMS 0x0000000085900000| PB 0x0000000085900000| Untracked |  0
|   8|0x0000000085a00000, 0x0000000085a00000, 0x0000000085b00000|  0%| F|  |TAMS 0x0000000085a00000| PB 0x0000000085a00000| Untracked |  0
|   9|0x0000000085b00000, 0x0000000085b00000, 0x0000000085c00000|  0%| F|  |TAMS 0x0000000085b00000| PB 0x0000000085b00000| Untracked |  0
|  10|0x0000000085c00000, 0x0000000085c00000, 0x0000000085d00000|  0%| F|  |TAMS 0x0000000085c00000| PB 0x0000000085c00000| Untracked |  0
|  11|0x0000000085d00000, 0x0000000085d00000, 0x0000000085e00000|  0%| F|  |TAMS 0x0000000085d00000| PB 0x0000000085d00000| Untracked |  0
|  12|0x0000000085e00000, 0x0000000085e00000, 0x0000000085f00000|  0%| F|  |TAMS 0x0000000085e00000| PB 0x0000000085e00000| Untracked |  0
|  13|0x0000000085f00000, 0x0000000085f00000, 0x0000000086000000|  0%| F|  |TAMS 0x0000000085f00000| PB 0x0000000085f00000| Untracked |  0
|  14|0x0000000086000000, 0x0000000086000000, 0x0000000086100000|  0%| F|  |TAMS 0x0000000086000000| PB 0x0000000086000000| Untracked |  0
|  15|0x0000000086100000, 0x0000000086100000, 0x0000000086200000|  0%| F|  |TAMS 0x0000000086100000| PB 0x0000000086100000| Untracked |  0
|  16|0x0000000086200000, 0x0000000086200000, 0x0000000086300000|  0%| F|  |TAMS 0x0000000086200000| PB 0x0000000086200000| Untracked |  0
|  17|0x0000000086300000, 0x0000000086300000, 0x0000000086400000|  0%| F|  |TAMS 0x0000000086300000| PB 0x0000000086300000| Untracked |  0
|  18|0x0000000086400000, 0x0000000086400000, 0x0000000086500000|  0%| F|  |TAMS 0x0000000086400000| PB 0x0000000086400000| Untracked |  0
|  19|0x0000000086500000, 0x0000000086500000, 0x0000000086600000|  0%| F|  |TAMS 0x0000000086500000| PB 0x0000000086500000| Untracked |  0
|  20|0x0000000086600000, 0x0000000086600000, 0x0000000086700000|  0%| F|  |TAMS 0x0000000086600000| PB 0x0000000086600000| Untracked |  0
|  21|0x0000000086700000, 0x0000000086700000, 0x0000000086800000|  0%| F|  |TAMS 0x0000000086700000| PB 0x0000000086700000| Untracked |  0
|  22|0x0000000086800000, 0x0000000086800000, 0x0000000086900000|  0%| F|  |TAMS 0x0000000086800000| PB 0x0000000086800000| Untracked |  0
|  23|0x0000000086900000, 0x0000000086900000, 0x0000000086a00000|  0%| F|  |TAMS 0x0000000086900000| PB 0x0000000086900000| Untracked |  0
|  24|0x0000000086a00000, 0x0000000086a00000, 0x0000000086b00000|  0%| F|  |TAMS 0x0000000086a00000| PB 0x0000000086a00000| Untracked |  0
|  25|0x0000000086b00000, 0x0000000086b00000, 0x0000000086c00000|  0%| F|  |TAMS 0x0000000086b00000| PB 0x0000000086b00000| Untracked |  0
|  26|0x0000000086c00000, 0x0000000086c00000, 0x0000000086d00000|  0%| F|  |TAMS 0x0000000086c00000| PB 0x0000000086c00000| Untracked |  0
|  27|0x0000000086d00000, 0x0000000086d00000, 0x0000000086e00000|  0%| F|  |TAMS 0x0000000086d00000| PB 0x0000000086d00000| Untracked |  0
|  28|0x0000000086e00000, 0x0000000086e00000, 0x0000000086f00000|  0%| F|  |TAMS 0x0000000086e00000| PB 0x0000000086e00000| Untracked |  0
|  29|0x0000000086f00000, 0x0000000086f00000, 0x0000000087000000|  0%| F|  |TAMS 0x0000000086f00000| PB 0x0000000086f00000| Untracked |  0
|  30|0x0000000087000000, 0x0000000087000000, 0x0000000087100000|  0%| F|  |TAMS 0x0000000087000000| PB 0x0000000087000000| Untracked |  0
|  31|0x0000000087100000, 0x0000000087100000, 0x0000000087200000|  0%| F|  |TAMS 0x0000000087100000| PB 0x0000000087100000| Untracked |  0
|  32|0x0000000087200000, 0x0000000087200000, 0x0000000087300000|  0%| F|  |TAMS 0x0000000087200000| PB 0x0000000087200000| Untracked |  0
|  33|0x0000000087300000, 0x0000000087300000, 0x0000000087400000|  0%| F|  |TAMS 0x0000000087300000| PB 0x0000000087300000| Untracked |  0
|  34|0x0000000087400000, 0x0000000087400000, 0x0000000087500000|  0%| F|  |TAMS 0x0000000087400000| PB 0x0000000087400000| Untracked |  0
|  35|0x0000000087500000, 0x0000000087500000, 0x0000000087600000|  0%| F|  |TAMS 0x0000000087500000| PB 0x0000000087500000| Untracked |  0
|  36|0x0000000087600000, 0x0000000087600000, 0x0000000087700000|  0%| F|  |TAMS 0x0000000087600000| PB 0x0000000087600000| Untracked |  0
|  37|0x0000000087700000, 0x0000000087700000, 0x0000000087800000|  0%| F|  |TAMS 0x0000000087700000| PB 0x0000000087700000| Untracked |  0
|  38|0x0000000087800000, 0x0000000087800000, 0x0000000087900000|  0%| F|  |TAMS 0x0000000087800000| PB 0x0000000087800000| Untracked |  0
|  39|0x0000000087900000, 0x0000000087900000, 0x0000000087a00000|  0%| F|  |TAMS 0x0000000087900000| PB 0x0000000087900000| Untracked |  0
|  40|0x0000000087a00000, 0x0000000087a00000, 0x0000000087b00000|  0%| F|  |TAMS 0x0000000087a00000| PB 0x0000000087a00000| Untracked |  0
|  41|0x0000000087b00000, 0x0000000087b00000, 0x0000000087c00000|  0%| F|  |TAMS 0x0000000087b00000| PB 0x0000000087b00000| Untracked |  0
|  42|0x0000000087c00000, 0x0000000087c00000, 0x0000000087d00000|  0%| F|  |TAMS 0x0000000087c00000| PB 0x0000000087c00000| Untracked |  0
|  43|0x0000000087d00000, 0x0000000087d00000, 0x0000000087e00000|  0%| F|  |TAMS 0x0000000087d00000| PB 0x0000000087d00000| Untracked |  0
|  44|0x0000000087e00000, 0x0000000087e00000, 0x0000000087f00000|  0%| F|  |TAMS 0x0000000087e00000| PB 0x0000000087e00000| Untracked |  0
|  45|0x0000000087f00000, 0x0000000087f00000, 0x0000000088000000|  0%| F|  |TAMS 0x0000000087f00000| PB 0x0000000087f00000| Untracked |  0
|  46|0x0000000088000000, 0x0000000088000000, 0x0000000088100000|  0%| F|  |TAMS 0x0000000088000000| PB 0x0000000088000000| Untracked |  0
|  47|0x0000000088100000, 0x0000000088100000, 0x0000000088200000|  0%| F|  |TAMS 0x0000000088100000| PB 0x0000000088100000| Untracked |  0
|  48|0x0000000088200000, 0x0000000088200000, 0x0000000088300000|  0%| F|  |TAMS 0x0000000088200000| PB 0x0000000088200000| Untracked |  0
|  49|0x0000000088300000, 0x0000000088300000, 0x0000000088400000|  0%| F|  |TAMS 0x0000000088300000| PB 0x0000000088300000| Untracked |  0
|  50|0x0000000088400000, 0x0000000088400000, 0x0000000088500000|  0%| F|  |TAMS 0x0000000088400000| PB 0x0000000088400000| Untracked |  0
|  51|0x0000000088500000, 0x0000000088500000, 0x0000000088600000|  0%| F|  |TAMS 0x0000000088500000| PB 0x0000000088500000| Untracked |  0
|  52|0x0000000088600000, 0x0000000088600000, 0x0000000088700000|  0%| F|  |TAMS 0x0000000088600000| PB 0x0000000088600000| Untracked |  0
|  53|0x0000000088700000, 0x0000000088700000, 0x0000000088800000|  0%| F|  |TAMS 0x0000000088700000| PB 0x0000000088700000| Untracked |  0
|  54|0x0000000088800000, 0x0000000088800000, 0x0000000088900000|  0%| F|  |TAMS 0x0000000088800000| PB 0x0000000088800000| Untracked |  0
|  55|0x0000000088900000, 0x0000000088900000, 0x0000000088a00000|  0%| F|  |TAMS 0x0000000088900000| PB 0x0000000088900000| Untracked |  0
|  56|0x0000000088a00000, 0x0000000088a00000, 0x0000000088b00000|  0%| F|  |TAMS 0x0000000088a00000| PB 0x0000000088a00000| Untracked |  0
|  57|0x0000000088b00000, 0x0000000088b00000, 0x0000000088c00000|  0%| F|  |TAMS 0x0000000088b00000| PB 0x0000000088b00000| Untracked |  0
|  58|0x0000000088c00000, 0x0000000088c00000, 0x0000000088d00000|  0%| F|  |TAMS 0x0000000088c00000| PB 0x0000000088c00000| Untracked |  0
|  59|0x0000000088d00000, 0x0000000088d00000, 0x0000000088e00000|  0%| F|  |TAMS 0x0000000088d00000| PB 0x0000000088d00000| Untracked |  0
|  60|0x0000000088e00000, 0x0000000088e00000, 0x0000000088f00000|  0%| F|  |TAMS 0x0000000088e00000| PB 0x0000000088e00000| Untracked |  0
|  61|0x0000000088f00000, 0x0000000088f00000, 0x0000000089000000|  0%| F|  |TAMS 0x0000000088f00000| PB 0x0000000088f00000| Untracked |  0
|  62|0x0000000089000000, 0x0000000089000000, 0x0000000089100000|  0%| F|  |TAMS 0x0000000089000000| PB 0x0000000089000000| Untracked |  0
|  63|0x0000000089100000, 0x0000000089100000, 0x0000000089200000|  0%| F|  |TAMS 0x0000000089100000| PB 0x0000000089100000| Untracked |  0
|  64|0x0000000089200000, 0x0000000089200000, 0x0000000089300000|  0%| F|  |TAMS 0x0000000089200000| PB 0x0000000089200000| Untracked |  0
|  65|0x0000000089300000, 0x0000000089300000, 0x0000000089400000|  0%| F|  |TAMS 0x0000000089300000| PB 0x0000000089300000| Untracked |  0
|  66|0x0000000089400000, 0x0000000089400000, 0x0000000089500000|  0%| F|  |TAMS 0x0000000089400000| PB 0x0000000089400000| Untracked |  0
|  67|0x0000000089500000, 0x0000000089500000, 0x0000000089600000|  0%| F|  |TAMS 0x0000000089500000| PB 0x0000000089500000| Untracked |  0
|  68|0x0000000089600000, 0x0000000089600000, 0x0000000089700000|  0%| F|  |TAMS 0x0000000089600000| PB 0x0000000089600000| Untracked |  0
|  69|0x0000000089700000, 0x0000000089700000, 0x0000000089800000|  0%| F|  |TAMS 0x0000000089700000| PB 0x0000000089700000| Untracked |  0
|  70|0x0000000089800000, 0x0000000089800000, 0x0000000089900000|  0%| F|  |TAMS 0x0000000089800000| PB 0x0000000089800000| Untracked |  0
|  71|0x0000000089900000, 0x0000000089900000, 0x0000000089a00000|  0%| F|  |TAMS 0x0000000089900000| PB 0x0000000089900000| Untracked |  0
|  72|0x0000000089a00000, 0x0000000089a00000, 0x0000000089b00000|  0%| F|  |TAMS 0x0000000089a00000| PB 0x0000000089a00000| Untracked |  0
|  73|0x0000000089b00000, 0x0000000089b00000, 0x0000000089c00000|  0%| F|  |TAMS 0x0000000089b00000| PB 0x0000000089b00000| Untracked |  0
|  74|0x0000000089c00000, 0x0000000089c00000, 0x0000000089d00000|  0%| F|  |TAMS 0x0000000089c00000| PB 0x0000000089c00000| Untracked |  0
|  75|0x0000000089d00000, 0x0000000089d00000, 0x0000000089e00000|  0%| F|  |TAMS 0x0000000089d00000| PB 0x0000000089d00000| Untracked |  0
|  76|0x0000000089e00000, 0x0000000089e00000, 0x0000000089f00000|  0%| F|  |TAMS 0x0000000089e00000| PB 0x0000000089e00000| Untracked |  0
|  77|0x0000000089f00000, 0x0000000089f00000, 0x000000008a000000|  0%| F|  |TAMS 0x0000000089f00000| PB 0x0000000089f00000| Untracked |  0
|  78|0x000000008a000000, 0x000000008a000000, 0x000000008a100000|  0%| F|  |TAMS 0x000000008a000000| PB 0x000000008a000000| Untracked |  0
|  79|0x000000008a100000, 0x000000008a100000, 0x000000008a200000|  0%| F|  |TAMS 0x000000008a100000| PB 0x000000008a100000| Untracked |  0
|  80|0x000000008a200000, 0x000000008a200000, 0x000000008a300000|  0%| F|  |TAMS 0x000000008a200000| PB 0x000000008a200000| Untracked |  0
|  81|0x000000008a300000, 0x000000008a300000, 0x000000008a400000|  0%| F|  |TAMS 0x000000008a300000| PB 0x000000008a300000| Untracked |  0
|  82|0x000000008a400000, 0x000000008a400000, 0x000000008a500000|  0%| F|  |TAMS 0x000000008a400000| PB 0x000000008a400000| Untracked |  0
|  83|0x000000008a500000, 0x000000008a500000, 0x000000008a600000|  0%| F|  |TAMS 0x000000008a500000| PB 0x000000008a500000| Untracked |  0
|  84|0x000000008a600000, 0x000000008a600000, 0x000000008a700000|  0%| F|  |TAMS 0x000000008a600000| PB 0x000000008a600000| Untracked |  0
|  85|0x000000008a700000, 0x000000008a700000, 0x000000008a800000|  0%| F|  |TAMS 0x000000008a700000| PB 0x000000008a700000| Untracked |  0
|  86|0x000000008a800000, 0x000000008a800000, 0x000000008a900000|  0%| F|  |TAMS 0x000000008a800000| PB 0x000000008a800000| Untracked |  0
|  87|0x000000008a900000, 0x000000008a900000, 0x000000008aa00000|  0%| F|  |TAMS 0x000000008a900000| PB 0x000000008a900000| Untracked |  0
|  88|0x000000008aa00000, 0x000000008aa00000, 0x000000008ab00000|  0%| F|  |TAMS 0x000000008aa00000| PB 0x000000008aa00000| Untracked |  0
|  89|0x000000008ab00000, 0x000000008ab00000, 0x000000008ac00000|  0%| F|  |TAMS 0x000000008ab00000| PB 0x000000008ab00000| Untracked |  0
|  90|0x000000008ac00000, 0x000000008ac00000, 0x000000008ad00000|  0%| F|  |TAMS 0x000000008ac00000| PB 0x000000008ac00000| Untracked |  0
|  91|0x000000008ad00000, 0x000000008ad00000, 0x000000008ae00000|  0%| F|  |TAMS 0x000000008ad00000| PB 0x000000008ad00000| Untracked |  0
|  92|0x000000008ae00000, 0x000000008ae00000, 0x000000008af00000|  0%| F|  |TAMS 0x000000008ae00000| PB 0x000000008ae00000| Untracked |  0
|  93|0x000000008af00000, 0x000000008af00000, 0x000000008b000000|  0%| F|  |TAMS 0x000000008af00000| PB 0x000000008af00000| Untracked |  0
|  94|0x000000008b000000, 0x000000008b000000, 0x000000008b100000|  0%| F|  |TAMS 0x000000008b000000| PB 0x000000008b000000| Untracked |  0
|  95|0x000000008b100000, 0x000000008b100000, 0x000000008b200000|  0%| F|  |TAMS 0x000000008b100000| PB 0x000000008b100000| Untracked |  0
|  96|0x000000008b200000, 0x000000008b200000, 0x000000008b300000|  0%| F|  |TAMS 0x000000008b200000| PB 0x000000008b200000| Untracked |  0
|  97|0x000000008b300000, 0x000000008b300000, 0x000000008b400000|  0%| F|  |TAMS 0x000000008b300000| PB 0x000000008b300000| Untracked |  0
|  98|0x000000008b400000, 0x000000008b400000, 0x000000008b500000|  0%| F|  |TAMS 0x000000008b400000| PB 0x000000008b400000| Untracked |  0
|  99|0x000000008b500000, 0x000000008b500000, 0x000000008b600000|  0%| F|  |TAMS 0x000000008b500000| PB 0x000000008b500000| Untracked |  0
| 100|0x000000008b600000, 0x000000008b657228, 0x000000008b700000| 34%| S|CS|TAMS 0x000000008b600000| PB 0x000000008b600000| Complete |  0
| 101|0x000000008b700000, 0x000000008b800000, 0x000000008b800000|100%| S|CS|TAMS 0x000000008b700000| PB 0x000000008b700000| Complete |  0
| 102|0x000000008b800000, 0x000000008b900000, 0x000000008b900000|100%| S|CS|TAMS 0x000000008b800000| PB 0x000000008b800000| Complete |  0
| 103|0x000000008b900000, 0x000000008ba00000, 0x000000008ba00000|100%| E|  |TAMS 0x000000008b900000| PB 0x000000008b900000| Complete |  0
| 104|0x000000008ba00000, 0x000000008bb00000, 0x000000008bb00000|100%| E|CS|TAMS 0x000000008ba00000| PB 0x000000008ba00000| Complete |  0
| 105|0x000000008bb00000, 0x000000008bc00000, 0x000000008bc00000|100%| E|CS|TAMS 0x000000008bb00000| PB 0x000000008bb00000| Complete |  0
| 106|0x000000008bc00000, 0x000000008bd00000, 0x000000008bd00000|100%| E|CS|TAMS 0x000000008bc00000| PB 0x000000008bc00000| Complete |  0
| 107|0x000000008bd00000, 0x000000008be00000, 0x000000008be00000|100%| E|CS|TAMS 0x000000008bd00000| PB 0x000000008bd00000| Complete |  0
| 108|0x000000008be00000, 0x000000008bf00000, 0x000000008bf00000|100%| E|CS|TAMS 0x000000008be00000| PB 0x000000008be00000| Complete |  0
| 109|0x000000008bf00000, 0x000000008c000000, 0x000000008c000000|100%| E|CS|TAMS 0x000000008bf00000| PB 0x000000008bf00000| Complete |  0
| 110|0x000000008c000000, 0x000000008c100000, 0x000000008c100000|100%| E|CS|TAMS 0x000000008c000000| PB 0x000000008c000000| Complete |  0
| 111|0x000000008c100000, 0x000000008c200000, 0x000000008c200000|100%| E|CS|TAMS 0x000000008c100000| PB 0x000000008c100000| Complete |  0
| 112|0x000000008c200000, 0x000000008c300000, 0x000000008c300000|100%| E|CS|TAMS 0x000000008c200000| PB 0x000000008c200000| Complete |  0
| 113|0x000000008c300000, 0x000000008c400000, 0x000000008c400000|100%| E|  |TAMS 0x000000008c300000| PB 0x000000008c300000| Complete |  0
| 114|0x000000008c400000, 0x000000008c500000, 0x000000008c500000|100%| E|CS|TAMS 0x000000008c400000| PB 0x000000008c400000| Complete |  0
| 115|0x000000008c500000, 0x000000008c600000, 0x000000008c600000|100%| E|CS|TAMS 0x000000008c500000| PB 0x000000008c500000| Complete |  0
| 116|0x000000008c600000, 0x000000008c700000, 0x000000008c700000|100%| E|CS|TAMS 0x000000008c600000| PB 0x000000008c600000| Complete |  0
| 117|0x000000008c700000, 0x000000008c800000, 0x000000008c800000|100%| E|CS|TAMS 0x000000008c700000| PB 0x000000008c700000| Complete |  0
| 118|0x000000008c800000, 0x000000008c900000, 0x000000008c900000|100%| E|CS|TAMS 0x000000008c800000| PB 0x000000008c800000| Complete |  0
| 119|0x000000008c900000, 0x000000008ca00000, 0x000000008ca00000|100%| E|CS|TAMS 0x000000008c900000| PB 0x000000008c900000| Complete |  0
| 120|0x000000008ca00000, 0x000000008cb00000, 0x000000008cb00000|100%| E|CS|TAMS 0x000000008ca00000| PB 0x000000008ca00000| Complete |  0
| 121|0x000000008cb00000, 0x000000008cc00000, 0x000000008cc00000|100%| E|CS|TAMS 0x000000008cb00000| PB 0x000000008cb00000| Complete |  0
| 122|0x000000008cc00000, 0x000000008cd00000, 0x000000008cd00000|100%| E|CS|TAMS 0x000000008cc00000| PB 0x000000008cc00000| Complete |  0
| 123|0x000000008cd00000, 0x000000008ce00000, 0x000000008ce00000|100%| E|CS|TAMS 0x000000008cd00000| PB 0x000000008cd00000| Complete |  0

Card table byte_map: [0x000001dd290d0000,0x000001dd294b0000] _byte_map_base: 0x000001dd28ca7000

Marking Bits: (CMBitMap*) 0x000001dd10c6e7a0
 Bits: [0x000001dd294b0000, 0x000001dd2b368000)

Polling page: 0x000001dd103d0000

Metaspace:

Usage:
  Non-class:     16.08 MB used.
      Class:      2.31 MB used.
       Both:     18.39 MB used.

Virtual space:
  Non-class space:       64.00 MB reserved,      16.25 MB ( 25%) committed,  1 nodes.
      Class space:        1.00 GB reserved,       2.50 MB ( <1%) committed,  1 nodes.
             Both:        1.06 GB reserved,      18.75 MB (  2%) committed. 

Chunk freelists:
   Non-Class:  14.84 MB
       Class:  13.48 MB
        Both:  28.31 MB

MaxMetaspaceSize: unlimited
CompressedClassSpaceSize: 1.00 GB
Initial GC threshold: 21.00 MB
Current GC threshold: 21.00 MB
CDS: on
 - commit_granule_bytes: 65536.
 - commit_granule_words: 8192.
 - virtual_space_node_default_size: 8388608.
 - enlarge_chunks_in_place: 1.
 - use_allocation_guard: 0.


Internal statistics:

num_allocs_failed_limit: 0.
num_arena_births: 306.
num_arena_deaths: 0.
num_vsnodes_births: 2.
num_vsnodes_deaths: 0.
num_space_committed: 300.
num_space_uncommitted: 0.
num_chunks_returned_to_freelist: 0.
num_chunks_taken_from_freelist: 881.
num_chunk_merges: 0.
num_chunk_splits: 576.
num_chunks_enlarged: 402.
num_inconsistent_stats: 0.

CodeHeap 'non-profiled nmethods': size=119232Kb used=759Kb max_used=759Kb free=118472Kb
 bounds [0x000001dd20ed0000, 0x000001dd21140000, 0x000001dd28340000]
CodeHeap 'profiled nmethods': size=119104Kb used=3916Kb max_used=3916Kb free=115188Kb
 bounds [0x000001dd19340000, 0x000001dd19720000, 0x000001dd20790000]
CodeHeap 'non-nmethods': size=7424Kb used=3140Kb max_used=3158Kb free=4283Kb
 bounds [0x000001dd20790000, 0x000001dd20ab0000, 0x000001dd20ed0000]
CodeCache: size=245760Kb, used=7815Kb, max_used=7833Kb, free=237943Kb
 total_blobs=3266, nmethods=2718, adapters=450, full_count=0
Compilation: enabled, stopped_count=0, restarted_count=0

Compilation events (20 events):
Event: 2.050 Thread 0x000001dd2e514580 2645       3       java.util.stream.Sink::end (1 bytes)
Event: 2.051 Thread 0x000001dd2e48cbf0 2656       3       java.lang.reflect.Proxy$ProxyBuilder::isProxyClass (21 bytes)
Event: 2.051 Thread 0x000001dd742f5010 2649       1       java.util.stream.Collectors$CollectorImpl::characteristics (5 bytes)
Event: 2.051 Thread 0x000001dd2e514580 nmethod 2645 0x000001dd196eee08 code [0x000001dd196eef20, 0x000001dd196ef028]
Event: 2.051 Thread 0x000001dd2e432b20 2651       1       org.springframework.core.annotation.MergedAnnotationsCollection$AnnotationsSpliterator::characteristics (4 bytes)
Event: 2.051 Thread 0x000001dd2e514580 2641       3       java.util.LinkedHashMap$LinkedKeySet::iterator (16 bytes)
Event: 2.051 Thread 0x000001dd742f5010 nmethod 2649 0x000001dd20f88e88 code [0x000001dd20f88fa0, 0x000001dd20f89068]
Event: 2.052 Thread 0x000001dd2e432b20 nmethod 2651 0x000001dd20f89188 code [0x000001dd20f892a0, 0x000001dd20f89368]
Event: 2.052 Thread 0x000001dd742f5010 2642       3       java.util.LinkedHashMap$LinkedKeyIterator::<init> (7 bytes)
Event: 2.052 Thread 0x000001dd2e432b20 2643       1       org.springframework.core.type.classreading.SimpleAnnotationMetadata::getClassName (5 bytes)
Event: 2.052 Thread 0x000001dd2e514580 nmethod 2641 0x000001dd196ef108 code [0x000001dd196ef240, 0x000001dd196ef458]
Event: 2.052 Thread 0x000001dd2e514580 2648       1       org.springframework.core.type.classreading.SimpleMetadataReader::getAnnotationMetadata (5 bytes)
Event: 2.052 Thread 0x000001dd742f5010 nmethod 2642 0x000001dd196ef488 code [0x000001dd196ef5a0, 0x000001dd196ef6d8]
Event: 2.052 Thread 0x000001dd2e432b20 nmethod 2643 0x000001dd20f89488 code [0x000001dd20f895a0, 0x000001dd20f89668]
Event: 2.053 Thread 0x000001dd742f5010 2657       1       org.springframework.context.annotation.ConfigurationClassParser$SourceClass::getMetadata (5 bytes)
Event: 2.053 Thread 0x000001dd2e514580 nmethod 2648 0x000001dd20f89788 code [0x000001dd20f898a0, 0x000001dd20f89968]
Event: 2.053 Thread 0x000001dd2e48cbf0 nmethod 2656 0x000001dd196ef788 code [0x000001dd196ef980, 0x000001dd196f06f8]
Event: 2.053 Thread 0x000001dd742f5010 nmethod 2657 0x000001dd20f89a88 code [0x000001dd20f89ba0, 0x000001dd20f89c68]
Event: 2.054 Thread 0x000001dd742f5010 2661       3       jdk.internal.org.objectweb.asm.FieldWriter::putFieldInfo (269 bytes)
Event: 2.058 Thread 0x000001dd742f5010 nmethod 2661 0x000001dd196f0808 code [0x000001dd196f0a20, 0x000001dd196f12d8]

GC Heap History (4 events):
Event: 0.995 GC heap before
{Heap before GC invocations=0 (full 0):
 garbage-first heap   total reserved 2013184K, committed 126976K, used 25600K [0x0000000085200000, 0x0000000100000000)
  region size 1024K, 24 young (24576K), 0 survivors (0K)
 Metaspace       used 7389K, committed 7616K, reserved 1114112K
  class space    used 898K, committed 1024K, reserved 1048576K
}
Event: 1.004 GC heap after
{Heap after GC invocations=1 (full 0):
 garbage-first heap   total reserved 2013184K, committed 126976K, used 8052K [0x0000000085200000, 0x0000000100000000)
  region size 1024K, 3 young (3072K), 3 survivors (3072K)
 Metaspace       used 7389K, committed 7616K, reserved 1114112K
  class space    used 898K, committed 1024K, reserved 1048576K
}
Event: 1.611 GC heap before
{Heap before GC invocations=1 (full 0):
 garbage-first heap   total reserved 2013184K, committed 126976K, used 28532K [0x0000000085200000, 0x0000000100000000)
  region size 1024K, 24 young (24576K), 3 survivors (3072K)
 Metaspace       used 13837K, committed 14208K, reserved 1114112K
  class space    used 1698K, committed 1856K, reserved 1048576K
}
Event: 1.618 GC heap after
{Heap after GC invocations=2 (full 0):
 garbage-first heap   total reserved 2013184K, committed 126976K, used 10482K [0x0000000085200000, 0x0000000100000000)
  region size 1024K, 3 young (3072K), 3 survivors (3072K)
 Metaspace       used 13837K, committed 14208K, reserved 1114112K
  class space    used 1698K, committed 1856K, reserved 1048576K
}

Dll operation events (10 events):
Event: 0.011 Loaded shared library C:\Users\krims_k45\.jdks\openjdk-23.0.2\bin\java.dll
Event: 0.047 Loaded shared library C:\Users\krims_k45\.jdks\openjdk-23.0.2\bin\jsvml.dll
Event: 0.112 Loaded shared library C:\Users\krims_k45\.jdks\openjdk-23.0.2\bin\zip.dll
Event: 0.116 Loaded shared library C:\Users\krims_k45\.jdks\openjdk-23.0.2\bin\instrument.dll
Event: 0.121 Loaded shared library C:\Users\krims_k45\.jdks\openjdk-23.0.2\bin\net.dll
Event: 0.123 Loaded shared library C:\Users\krims_k45\.jdks\openjdk-23.0.2\bin\nio.dll
Event: 0.125 Loaded shared library C:\Users\krims_k45\.jdks\openjdk-23.0.2\bin\zip.dll
Event: 0.217 Loaded shared library C:\Program Files\JetBrains\IntelliJ IDEA Community Edition 2024.1.5\bin\breakgen64.dll
Event: 0.227 Loaded shared library C:\Users\krims_k45\.jdks\openjdk-23.0.2\bin\extnet.dll
Event: 0.276 Loaded shared library C:\Users\krims_k45\.jdks\openjdk-23.0.2\bin\jimage.dll

Deoptimization events (20 events):
Event: 1.973 Thread 0x000001dd7437b0d0 Uncommon trap: trap_request=0xffffff45 fr.pc=0x000001dd20f79f58 relative=0x00000000000002f8
Event: 1.973 Thread 0x000001dd7437b0d0 Uncommon trap: reason=unstable_if action=reinterpret pc=0x000001dd20f79f58 method=java.util.LinkedHashMap.get(Ljava/lang/Object;)Ljava/lang/Object; @ 16 c2
Event: 1.973 Thread 0x000001dd7437b0d0 DEOPT PACKING pc=0x000001dd20f79f58 sp=0x000000264f5fe4d0
Event: 1.973 Thread 0x000001dd7437b0d0 DEOPT UNPACKING pc=0x000001dd207e4402 sp=0x000000264f5fe488 mode 2
Event: 2.011 Thread 0x000001dd7437b0d0 Uncommon trap: trap_request=0xffffff45 fr.pc=0x000001dd20f4ace8 relative=0x00000000000004a8
Event: 2.011 Thread 0x000001dd7437b0d0 Uncommon trap: reason=unstable_if action=reinterpret pc=0x000001dd20f4ace8 method=java.lang.AbstractStringBuilder.isLatin1()Z @ 10 c2
Event: 2.011 Thread 0x000001dd7437b0d0 DEOPT PACKING pc=0x000001dd20f4ace8 sp=0x000000264f5fde40
Event: 2.011 Thread 0x000001dd7437b0d0 DEOPT UNPACKING pc=0x000001dd207e4402 sp=0x000000264f5fdd98 mode 2
Event: 2.027 Thread 0x000001dd10c185d0 Uncommon trap: trap_request=0xffffff45 fr.pc=0x000001dd20f2992c relative=0x00000000000011ac
Event: 2.027 Thread 0x000001dd10c185d0 Uncommon trap: reason=unstable_if action=reinterpret pc=0x000001dd20f2992c method=java.util.jar.JarFile.getVersionedEntry(Ljava/lang/String;Ljava/util/jar/JarEntry;)Ljava/util/jar/JarEntry; @ 26 c2
Event: 2.027 Thread 0x000001dd10c185d0 DEOPT PACKING pc=0x000001dd20f2992c sp=0x000000264d7fe4b0
Event: 2.027 Thread 0x000001dd10c185d0 DEOPT UNPACKING pc=0x000001dd207e4402 sp=0x000000264d7fe430 mode 2
Event: 2.045 Thread 0x000001dd10c185d0 Uncommon trap: trap_request=0xffffffde fr.pc=0x000001dd20f7c1c8 relative=0x0000000000001be8
Event: 2.045 Thread 0x000001dd10c185d0 Uncommon trap: reason=class_check action=maybe_recompile pc=0x000001dd20f7c1c8 method=java.util.HashMap.putVal(ILjava/lang/Object;Ljava/lang/Object;ZZ)Ljava/lang/Object; @ 91 c2
Event: 2.045 Thread 0x000001dd10c185d0 DEOPT PACKING pc=0x000001dd20f7c1c8 sp=0x000000264d7fedd0
Event: 2.045 Thread 0x000001dd10c185d0 DEOPT UNPACKING pc=0x000001dd207e4402 sp=0x000000264d7fec88 mode 2
Event: 2.046 Thread 0x000001dd10c185d0 Uncommon trap: trap_request=0xffffffde fr.pc=0x000001dd20f7c1c8 relative=0x0000000000001be8
Event: 2.046 Thread 0x000001dd10c185d0 Uncommon trap: reason=class_check action=maybe_recompile pc=0x000001dd20f7c1c8 method=java.util.HashMap.putVal(ILjava/lang/Object;Ljava/lang/Object;ZZ)Ljava/lang/Object; @ 91 c2
Event: 2.046 Thread 0x000001dd10c185d0 DEOPT PACKING pc=0x000001dd20f7c1c8 sp=0x000000264d7fee60
Event: 2.046 Thread 0x000001dd10c185d0 DEOPT UNPACKING pc=0x000001dd207e4402 sp=0x000000264d7fed18 mode 2

Classes loaded (20 events):
Event: 2.043 Loading class sun/security/util/KnownOIDs$1
Event: 2.044 Loading class sun/security/util/KnownOIDs$1 done
Event: 2.045 Loading class sun/security/util/KnownOIDs$2
Event: 2.046 Loading class sun/security/util/KnownOIDs$2 done
Event: 2.046 Loading class sun/security/util/KnownOIDs$3
Event: 2.048 Loading class sun/security/util/KnownOIDs$3 done
Event: 2.050 Loading class sun/security/util/KnownOIDs$4
Event: 2.051 Loading class sun/security/util/KnownOIDs$4 done
Event: 2.053 Loading class sun/security/util/KnownOIDs$5
Event: 2.054 Loading class sun/security/util/KnownOIDs$5 done
Event: 2.054 Loading class sun/security/util/KnownOIDs$6
Event: 2.054 Loading class sun/security/util/KnownOIDs$6 done
Event: 2.054 Loading class sun/security/util/KnownOIDs$7
Event: 2.056 Loading class sun/security/util/KnownOIDs$7 done
Event: 2.056 Loading class sun/security/util/KnownOIDs$8
Event: 2.058 Loading class sun/security/util/KnownOIDs$8 done
Event: 2.058 Loading class sun/security/util/KnownOIDs$9
Event: 2.060 Loading class sun/security/util/KnownOIDs$9 done
Event: 2.061 Loading class sun/security/util/KnownOIDs$10
Event: 2.062 Loading class sun/security/util/KnownOIDs$10 done

Classes unloaded (0 events):
No events

Classes redefined (0 events):
No events

Internal exceptions (20 events):
Event: 1.100 Thread 0x000001dd10c185d0 Exception <a 'java/lang/NoSuchMethodError'{0x000000008ca9a5e8}: 'int java.lang.invoke.DirectMethodHandle$Holder.invokeStatic(java.lang.Object, int, java.lang.Object, java.lang.Object)'> (0x000000008ca9a5e8) 
thrown [s\open\src\hotspot\share\interpreter\linkResolver.cpp, line 796]
Event: 1.102 Thread 0x000001dd10c185d0 Exception <a 'java/lang/NoSuchMethodError'{0x000000008caa17b0}: 'java.lang.Object java.lang.invoke.DirectMethodHandle$Holder.newInvokeSpecial(java.lang.Object, int, java.lang.Object)'> (0x000000008caa17b0) 
thrown [s\open\src\hotspot\share\interpreter\linkResolver.cpp, line 796]
Event: 1.103 Thread 0x000001dd10c185d0 Exception <a 'java/lang/NoSuchMethodError'{0x000000008caa63f0}: 'int java.lang.invoke.DirectMethodHandle$Holder.invokeSpecialIFC(java.lang.Object, java.lang.Object, java.lang.Object, java.lang.Object)'> (0x000000008caa63f0) 
thrown [s\open\src\hotspot\share\interpreter\linkResolver.cpp, line 796]
Event: 1.145 Thread 0x000001dd10c185d0 Exception <a 'java/lang/NoSuchMethodError'{0x000000008c97c918}: 'void java.lang.invoke.DirectMethodHandle$Holder.invokeInterface(java.lang.Object, java.lang.Object, java.lang.Object)'> (0x000000008c97c918) 
thrown [s\open\src\hotspot\share\interpreter\linkResolver.cpp, line 796]
Event: 1.186 Thread 0x000001dd10c185d0 Exception <a 'java/lang/NoSuchMethodError'{0x000000008c9f66f0}: 'void java.lang.invoke.DirectMethodHandle$Holder.invokeStaticInit(java.lang.Object, java.lang.Object, java.lang.Object)'> (0x000000008c9f66f0) 
thrown [s\open\src\hotspot\share\interpreter\linkResolver.cpp, line 796]
Event: 1.232 Thread 0x000001dd10c185d0 Exception <a 'java/lang/NoSuchMethodError'{0x000000008c8a5c18}: 'void java.lang.invoke.DirectMethodHandle$Holder.invokeVirtual(java.lang.Object, java.lang.Object, java.lang.Object, java.lang.Object)'> (0x000000008c8a5c18) 
thrown [s\open\src\hotspot\share\interpreter\linkResolver.cpp, line 796]
Event: 1.350 Thread 0x000001dd7437b0d0 Exception <a 'java/lang/NoClassDefFoundError'{0x000000008c6e9d78}: jakarta/validation/Validation> (0x000000008c6e9d78) 
thrown [s\open\src\hotspot\share\classfile\systemDictionary.cpp, line 302]
Event: 1.358 Thread 0x000001dd10c185d0 Exception <a 'java/lang/NoSuchMethodError'{0x000000008c526278}: 'java.lang.reflect.Field[] java.lang.Class.getDeclaredFields(java.lang.Class)'> (0x000000008c526278) 
thrown [s\open\src\hotspot\share\interpreter\linkResolver.cpp, line 796]
Event: 1.360 Thread 0x000001dd10c185d0 Exception <a 'java/lang/NoSuchMethodError'{0x000000008c52ac88}: 'java.lang.Object java.lang.invoke.DirectMethodHandle$Holder.invokeStatic(java.lang.Object, java.lang.Object, int)'> (0x000000008c52ac88) 
thrown [s\open\src\hotspot\share\interpreter\linkResolver.cpp, line 796]
Event: 1.363 Thread 0x000001dd10c185d0 Exception <a 'java/lang/NoSuchMethodError'{0x000000008c535e40}: 'void java.lang.invoke.DelegatingMethodHandle$Holder.delegate(java.lang.Object, java.lang.Object, int, java.lang.Object)'> (0x000000008c535e40) 
thrown [s\open\src\hotspot\share\interpreter\linkResolver.cpp, line 796]
Event: 1.383 Thread 0x000001dd10c185d0 Exception <a 'java/lang/NoSuchMethodError'{0x000000008c467610}: 'java.lang.Object java.lang.invoke.DirectMethodHandle$Holder.invokeVirtual(java.lang.Object, java.lang.Object, java.lang.Object)'> (0x000000008c467610) 
thrown [s\open\src\hotspot\share\interpreter\linkResolver.cpp, line 796]
Event: 1.427 Thread 0x000001dd10c185d0 Exception <a 'java/lang/NoSuchMethodError'{0x000000008c3b2c00}: 'void java.lang.invoke.DirectMethodHandle$Holder.invokeStatic(java.lang.Object, java.lang.Object, int)'> (0x000000008c3b2c00) 
thrown [s\open\src\hotspot\share\interpreter\linkResolver.cpp, line 796]
Event: 1.432 Thread 0x000001dd10c185d0 Exception <a 'java/lang/IncompatibleClassChangeError'{0x000000008c3d26b8}: Found class java.lang.Object, but interface was expected> (0x000000008c3d26b8) 
thrown [s\open\src\hotspot\share\interpreter\linkResolver.cpp, line 863]
Event: 1.918 Thread 0x000001dd10c185d0 Exception <a 'java/lang/NoSuchMethodError'{0x000000008bf60138}: 'int java.lang.invoke.DirectMethodHandle$Holder.invokeSpecial(java.lang.Object, java.lang.Object, java.lang.Object, java.lang.Object, java.lang.Object)'> (0x000000008bf60138) 
thrown [s\open\src\hotspot\share\interpreter\linkResolver.cpp, line 796]
Event: 1.920 Thread 0x000001dd10c185d0 Exception <a 'java/lang/NoSuchMethodError'{0x000000008bf68788}: 'void java.lang.invoke.DirectMethodHandle$Holder.invokeVirtual(java.lang.Object, java.lang.Object)'> (0x000000008bf68788) 
thrown [s\open\src\hotspot\share\interpreter\linkResolver.cpp, line 796]
Event: 1.932 Thread 0x000001dd7437b0d0 Exception <a 'java/lang/NoSuchMethodError'{0x000000008bfe8b08}: 'long java.lang.invoke.DirectMethodHandle$Holder.invokeStatic(java.lang.Object, java.lang.Object)'> (0x000000008bfe8b08) 
thrown [s\open\src\hotspot\share\interpreter\linkResolver.cpp, line 796]
Event: 1.933 Thread 0x000001dd7437b0d0 Exception <a 'java/lang/NoSuchMethodError'{0x000000008bfebc08}: 'long java.lang.invoke.DirectMethodHandle$Holder.invokeStaticInit(java.lang.Object, java.lang.Object)'> (0x000000008bfebc08) 
thrown [s\open\src\hotspot\share\interpreter\linkResolver.cpp, line 796]
Event: 1.942 Thread 0x000001dd7437b0d0 Exception <a 'java/lang/NoSuchMethodError'{0x000000008be61be8}: 'long java.lang.invoke.DirectMethodHandle$Holder.invokeInterface(java.lang.Object, java.lang.Object)'> (0x000000008be61be8) 
thrown [s\open\src\hotspot\share\interpreter\linkResolver.cpp, line 796]
Event: 1.942 Thread 0x000001dd7437b0d0 Exception <a 'java/lang/IncompatibleClassChangeError'{0x000000008be64c10}: Found class java.lang.Object, but interface was expected> (0x000000008be64c10) 
thrown [s\open\src\hotspot\share\interpreter\linkResolver.cpp, line 863]
Event: 1.947 Thread 0x000001dd7437b0d0 Exception <a 'java/lang/NoSuchMethodError'{0x000000008bed62c8}: 'java.lang.Object java.lang.invoke.DirectMethodHandle$Holder.invokeVirtual(java.lang.Object, java.lang.Object, java.lang.Object, java.lang.Object)'> (0x000000008bed62c8) 
thrown [s\open\src\hotspot\share\interpreter\linkResolver.cpp, line 796]

VM Operations (20 events):
Event: 1.085 Executing VM operation: HandshakeAllThreads (Deoptimize)
Event: 1.085 Executing VM operation: HandshakeAllThreads (Deoptimize) done
Event: 1.089 Executing VM operation: HandshakeAllThreads (Deoptimize)
Event: 1.089 Executing VM operation: HandshakeAllThreads (Deoptimize) done
Event: 1.135 Executing VM operation: HandshakeAllThreads (Deoptimize)
Event: 1.135 Executing VM operation: HandshakeAllThreads (Deoptimize) done
Event: 1.333 Executing VM operation: HandshakeAllThreads (Deoptimize)
Event: 1.333 Executing VM operation: HandshakeAllThreads (Deoptimize) done
Event: 1.333 Executing VM operation: HandshakeAllThreads (Deoptimize)
Event: 1.333 Executing VM operation: HandshakeAllThreads (Deoptimize) done
Event: 1.360 Executing VM operation: HandshakeAllThreads (Deoptimize)
Event: 1.360 Executing VM operation: HandshakeAllThreads (Deoptimize) done
Event: 1.610 Executing VM operation: G1CollectForAllocation (G1 Evacuation Pause)
Event: 1.618 Executing VM operation: G1CollectForAllocation (G1 Evacuation Pause) done
Event: 1.809 Executing VM operation: HandshakeAllThreads (Deoptimize)
Event: 1.809 Executing VM operation: HandshakeAllThreads (Deoptimize) done
Event: 1.896 Executing VM operation: HandshakeAllThreads (Deoptimize)
Event: 1.896 Executing VM operation: HandshakeAllThreads (Deoptimize) done
Event: 2.027 Executing VM operation: HandshakeAllThreads (Deoptimize)
Event: 2.027 Executing VM operation: HandshakeAllThreads (Deoptimize) done

Memory protections (0 events):
No events

Nmethod flushes (0 events):
No events

Events (18 events):
Event: 0.031 Thread 0x000001dd10c185d0 Thread added: 0x000001dd10c185d0
Event: 0.043 Thread 0x000001dd10c185d0 Thread added: 0x000001dd2e1d5280
Event: 0.043 Thread 0x000001dd10c185d0 Thread added: 0x000001dd2e1d5fa0
Event: 0.043 Thread 0x000001dd10c185d0 Thread added: 0x000001dd2e1d7620
Event: 0.043 Thread 0x000001dd10c185d0 Thread added: 0x000001dd2e1dd0a0
Event: 0.043 Thread 0x000001dd10c185d0 Thread added: 0x000001dd2e1de450
Event: 0.043 Thread 0x000001dd10c185d0 Thread added: 0x000001dd2e4021d0
Event: 0.043 Thread 0x000001dd10c185d0 Thread added: 0x000001dd2e40c4c0
Event: 0.043 Thread 0x000001dd10c185d0 Thread added: 0x000001dd2e432b20
Event: 0.046 Thread 0x000001dd2e432b20 Thread added: 0x000001dd2e48cbf0
Event: 0.050 Thread 0x000001dd2e48cbf0 Thread added: 0x000001dd2e514580
Event: 0.093 Thread 0x000001dd10c185d0 Thread added: 0x000001dd2e59bcf0
Event: 0.107 Thread 0x000001dd2e514580 Thread added: 0x000001dd2e5a6340
Event: 0.107 Thread 0x000001dd2e514580 Thread added: 0x000001dd2e5b2060
Event: 0.218 Thread 0x000001dd10c185d0 Thread added: 0x000001dd2e7fc2a0
Event: 0.218 Thread 0x000001dd10c185d0 Thread added: 0x000001dd2e7fc910
Event: 1.112 Thread 0x000001dd2e514580 Thread added: 0x000001dd742f5010
Event: 1.346 Thread 0x000001dd10c185d0 Thread added: 0x000001dd7437b0d0


Dynamic libraries:
0x00007ff667c10000 - 0x00007ff667c1e000 	C:\Users\krims_k45\.jdks\openjdk-23.0.2\bin\java.exe
0x00007ffc196d0000 - 0x00007ffc198e7000 	C:\Windows\SYSTEM32\ntdll.dll
0x00007ffc17360000 - 0x00007ffc17424000 	C:\Windows\System32\KERNEL32.DLL
0x00007ffc16c20000 - 0x00007ffc16ff2000 	C:\Windows\System32\KERNELBASE.dll
0x00007ffc169d0000 - 0x00007ffc16ae1000 	C:\Windows\System32\ucrtbase.dll
0x00007ffc0e300000 - 0x00007ffc0e317000 	C:\Users\krims_k45\.jdks\openjdk-23.0.2\bin\jli.dll
0x00007ffc0e1e0000 - 0x00007ffc0e1fb000 	C:\Users\krims_k45\.jdks\openjdk-23.0.2\bin\VCRUNTIME140.dll
0x00007ffc17890000 - 0x00007ffc17a41000 	C:\Windows\System32\USER32.dll
0x00007ffc17080000 - 0x00007ffc170a6000 	C:\Windows\System32\win32u.dll
0x00007ffc17cb0000 - 0x00007ffc17cd9000 	C:\Windows\System32\GDI32.dll
0x00007ffc16af0000 - 0x00007ffc16c13000 	C:\Windows\System32\gdi32full.dll
0x00007ffbf65b0000 - 0x00007ffbf684b000 	C:\Windows\WinSxS\amd64_microsoft.windows.common-controls_6595b64144ccf1df_6.0.22621.5547_none_27104afb73855772\COMCTL32.dll
0x00007ffc16930000 - 0x00007ffc169ca000 	C:\Windows\System32\msvcp_win.dll
0x00007ffc18000000 - 0x00007ffc180a7000 	C:\Windows\System32\msvcrt.dll
0x00007ffc18620000 - 0x00007ffc18651000 	C:\Windows\System32\IMM32.DLL
0x00007ffc11260000 - 0x00007ffc1126c000 	C:\Users\krims_k45\.jdks\openjdk-23.0.2\bin\vcruntime140_1.dll
0x00007ffbee200000 - 0x00007ffbee28e000 	C:\Users\krims_k45\.jdks\openjdk-23.0.2\bin\msvcp140.dll
0x00007ffb81660000 - 0x00007ffb823b0000 	C:\Users\krims_k45\.jdks\openjdk-23.0.2\bin\server\jvm.dll
0x00007ffc17bf0000 - 0x00007ffc17ca1000 	C:\Windows\System32\ADVAPI32.dll
0x00007ffc177e0000 - 0x00007ffc17888000 	C:\Windows\System32\sechost.dll
0x00007ffc171f0000 - 0x00007ffc17218000 	C:\Windows\System32\bcrypt.dll
0x00007ffc17450000 - 0x00007ffc17564000 	C:\Windows\System32\RPCRT4.dll
0x00007ffc17760000 - 0x00007ffc177d1000 	C:\Windows\System32\WS2_32.dll
0x00007ffc0e4f0000 - 0x00007ffc0e524000 	C:\Windows\SYSTEM32\WINMM.dll
0x00007ffc16690000 - 0x00007ffc166dd000 	C:\Windows\SYSTEM32\POWRPROF.dll
0x00007ffc0bfe0000 - 0x00007ffc0bfea000 	C:\Windows\SYSTEM32\VERSION.dll
0x00007ffc16670000 - 0x00007ffc16683000 	C:\Windows\SYSTEM32\UMPDC.dll
0x00007ffc157f0000 - 0x00007ffc15808000 	C:\Windows\SYSTEM32\kernel.appcore.dll
0x00007ffc0e2b0000 - 0x00007ffc0e2ba000 	C:\Users\krims_k45\.jdks\openjdk-23.0.2\bin\jimage.dll
0x00007ffc13c10000 - 0x00007ffc13e43000 	C:\Windows\SYSTEM32\DBGHELP.DLL
0x00007ffc18f80000 - 0x00007ffc19313000 	C:\Windows\System32\combase.dll
0x00007ffc19430000 - 0x00007ffc19507000 	C:\Windows\System32\OLEAUT32.dll
0x00007ffbf6390000 - 0x00007ffbf63c2000 	C:\Windows\SYSTEM32\dbgcore.DLL
0x00007ffc17000000 - 0x00007ffc1707b000 	C:\Windows\System32\bcryptPrimitives.dll
0x00007ffc0e1b0000 - 0x00007ffc0e1bf000 	C:\Users\krims_k45\.jdks\openjdk-23.0.2\bin\instrument.dll
0x00007ffc0e1c0000 - 0x00007ffc0e1de000 	C:\Users\krims_k45\.jdks\openjdk-23.0.2\bin\java.dll
0x00007ffc17a50000 - 0x00007ffc17bf0000 	C:\Windows\System32\ole32.dll
0x00007ffc18660000 - 0x00007ffc18f02000 	C:\Windows\System32\SHELL32.dll
0x00007ffc17220000 - 0x00007ffc1735f000 	C:\Windows\System32\wintypes.dll
0x00007ffc146f0000 - 0x00007ffc1500d000 	C:\Windows\SYSTEM32\windows.storage.dll
0x00007ffc19320000 - 0x00007ffc1942c000 	C:\Windows\System32\SHCORE.dll
0x00007ffc17f90000 - 0x00007ffc17ff9000 	C:\Windows\System32\shlwapi.dll
0x00007ffc166f0000 - 0x00007ffc1671b000 	C:\Windows\SYSTEM32\profapi.dll
0x00007ffbe6dc0000 - 0x00007ffbe6e97000 	C:\Users\krims_k45\.jdks\openjdk-23.0.2\bin\jsvml.dll
0x00007ffbeba50000 - 0x00007ffbeba67000 	C:\Users\krims_k45\.jdks\openjdk-23.0.2\bin\zip.dll
0x00007ffbf8f50000 - 0x00007ffbf8f60000 	C:\Users\krims_k45\.jdks\openjdk-23.0.2\bin\net.dll
0x00007ffc15c70000 - 0x00007ffc15cd9000 	C:\Windows\system32\mswsock.dll
0x00007ffbebae0000 - 0x00007ffbebaf6000 	C:\Users\krims_k45\.jdks\openjdk-23.0.2\bin\nio.dll
0x00007ffbf3fd0000 - 0x00007ffbf3fea000 	C:\Program Files\JetBrains\IntelliJ IDEA Community Edition 2024.1.5\bin\breakgen64.dll
0x00007ffbf8e90000 - 0x00007ffbf8e99000 	C:\Users\krims_k45\.jdks\openjdk-23.0.2\bin\extnet.dll

dbghelp: loaded successfully - version: 4.0.5 - missing functions: none
symbol engine: initialized successfully - sym options: 0x614 - pdb path: .;C:\Users\krims_k45\.jdks\openjdk-23.0.2\bin;C:\Windows\SYSTEM32;C:\Windows\WinSxS\amd64_microsoft.windows.common-controls_6595b64144ccf1df_6.0.22621.5547_none_27104afb73855772;C:\Users\krims_k45\.jdks\openjdk-23.0.2\bin\server;C:\Program Files\JetBrains\IntelliJ IDEA Community Edition 2024.1.5\bin

VM Arguments:
jvm_args: -javaagent:C:\Program Files\JetBrains\IntelliJ IDEA Community Edition 2024.1.5\lib\idea_rt.jar=25205:C:\Program Files\JetBrains\IntelliJ IDEA Community Edition 2024.1.5\bin -Dfile.encoding=UTF-8 -Dsun.stdout.encoding=UTF-8 -Dsun.stderr.encoding=UTF-8 
java_command: vn.scrip.buoi38_bvn.Buoi38BvnApplication
java_class_path (initial): C:\Users\krims_k45\javascrip\javascrip-buoi38-bvn\buoi38-bvn\target\classes;C:\Users\krims_k45\.m2\repository\org\springframework\boot\spring-boot-starter-web\3.4.3\spring-boot-starter-web-3.4.3.jar;C:\Users\krims_k45\.m2\repository\org\springframework\boot\spring-boot-starter\3.4.3\spring-boot-starter-3.4.3.jar;C:\Users\krims_k45\.m2\repository\org\springframework\boot\spring-boot\3.4.3\spring-boot-3.4.3.jar;C:\Users\krims_k45\.m2\repository\org\springframework\boot\spring-boot-autoconfigure\3.4.3\spring-boot-autoconfigure-3.4.3.jar;C:\Users\krims_k45\.m2\repository\org\springframework\boot\spring-boot-starter-logging\3.4.3\spring-boot-starter-logging-3.4.3.jar;C:\Users\krims_k45\.m2\repository\ch\qos\logback\logback-classic\1.5.16\logback-classic-1.5.16.jar;C:\Users\krims_k45\.m2\repository\ch\qos\logback\logback-core\1.5.16\logback-core-1.5.16.jar;C:\Users\krims_k45\.m2\repository\org\apache\logging\log4j\log4j-to-slf4j\2.24.3\log4j-to-slf4j-2.24.3.jar;C:\Users\krims_k45\.m2\repository\org\apache\logging\log4j\log4j-api\2.24.3\log4j-api-2.24.3.jar;C:\Users\krims_k45\.m2\repository\org\slf4j\jul-to-slf4j\2.0.16\jul-to-slf4j-2.0.16.jar;C:\Users\krims_k45\.m2\repository\jakarta\annotation\jakarta.annotation-api\2.1.1\jakarta.annotation-api-2.1.1.jar;C:\Users\krims_k45\.m2\repository\org\springframework\spring-core\6.2.3\spring-core-6.2.3.jar;C:\Users\krims_k45\.m2\repository\org\springframework\spring-jcl\6.2.3\spring-jcl-6.2.3.jar;C:\Users\krims_k45\.m2\repository\org\yaml\snakeyaml\2.3\snakeyaml-2.3.jar;C:\Users\krims_k45\.m2\repository\org\springframework\boot\spring-boot-starter-json\3.4.3\spring-boot-starter-json-3.4.3.jar;C:\Users\krims_k45\.m2\repository\com\fasterxml\jackson\core\jackson-databind\2.18.2\jackson-databind-2.18.2.jar;C:\Users\krims_k45\.m2\repository\com\fasterxml\jackson\core\jackson-annotations\2.18.2\jackson-annotations-2.18.2.jar;C:\Users\krims_k45\.m2\repository\com\fasterxml\jackson\core\jackson-core\2.18.2\jackson-core-2.18.2.jar;C:\Users\krims_k45\.m2\repository\com\fasterxml\jackson\datatype\jackson-datatype-jdk8\2.18.2\jackson-datatype-jdk8-2.18.2.jar;C:\Users\krims_k45\.m2\repository\com\fasterxml\jackson\datatype\jackson-datatype-jsr310\2.18.2\jackson-datatype-jsr310-2.18.2.jar;C:\Users\krims_k45\.m2\repository\com\fasterxml\jackson\module\jackson-module-parameter-names\2.18.2\jackson-module-parameter-names-2.18.2.jar;C:\Users\krims_k45\.m2\repository\org\springframework\boot\spring-boot-starter-tomcat\3.4.3\spring-boot-starter-tomcat-3.4.3.jar;C:\Users\krims_k45\.m2\repository\org\apache\tomcat\embed\tomcat-embed-core\10.1.36\tomcat-embed-core-10.1.36.jar;C:\Users\krims_k45\.m2\repository\org\apache\tomcat\embed\tomcat-embed-el\10.1.36\tomcat-embed-el-10.1.36.jar;C:\Users\krims_k45\.m2\repository\org\apache\tomcat\embed\tomcat-embed-websocket\10.1.36\tomcat-embed-websocket-10.1.36.jar;C:\Users\krims_k45\.m2\repository\org\springframework\spring-web\6.2.3\spring-web-6.2.3.jar;C:\Users\krims_k45\.m2\repository\org\springframework\spring-beans\6.2.3\spring-beans-6.2.3.jar;C:\Users\krims_k45\.m2\repository\io\micrometer\micrometer-observation\1.14.4\micrometer-observation-1.14.4.jar;C:\Users\krims_k45\.m2\repository\io\micrometer\micrometer-commons\1.14.4\micrometer-commons-1.14.4.jar;C:\Users\krims_k45\.m2\repository\org\springframework\spring-webmvc\6.2.3\spring-webmvc-6.2.3.jar;C:\Users\krims_k45\.m2\repository\org\springframework\spring-aop\6.2.3\spring-aop-6.2.3.jar;C:\Users\krims_k45\.m2\repository\org\springframework\spring-context\6.2.3\spring-context-6.2.3.jar;C:\Users\krims_k45\.m2\repository\org\springframework\spring-expression\6.2.3\spring-expression-6.2.3.jar;C:\Users\krims_k45\.m2\repository\org\springframework\boot\spring-boot-starter-thymeleaf\3.4.3\spring-boot-starter-thymeleaf-3.4.3.jar;C:\Users\krims_k45\.m2\repository\org\thymeleaf\thymeleaf-spring6\3.1.3.RELEASE\thymeleaf-spring6-3.1.3.RELEASE.jar;C:\Users\krims_k45\.m2\repository\org\thymeleaf\thymeleaf\3.1.3.RELEASE\thymeleaf-3.1.3.RELEASE.jar;C:\Users\krims_k45\.m2\repository\org\attoparser\attoparser\2.0.7.RELEASE\attoparser-2.0.7.RELEASE.jar;C:\Users\krims_k45\.m2\repository\org\unbescape\unbescape\1.1.6.RELEASE\unbescape-1.1.6.RELEASE.jar;C:\Users\krims_k45\.m2\repository\org\slf4j\slf4j-api\2.0.16\slf4j-api-2.0.16.jar;C:\Users\krims_k45\.m2\repository\org\springframework\boot\spring-boot-starter-data-jpa\3.4.3\spring-boot-starter-data-jpa-3.4.3.jar;C:\Users\krims_k45\.m2\repository\org\springframework\boot\spring-boot-starter-jdbc\3.4.3\spring-boot-starter-jdbc-3.4.3.jar;C:\Users\krims_k45\.m2\repository\com\zaxxer\HikariCP\5.1.0\HikariCP-5.1.0.jar;C:\Users\krims_k45\.m2\repository\org\springframework\spring-jdbc\6.2.3\spring-jdbc-6.2.3.jar;C:\Users\krims_k45\.m2\repository\org\hibernate\orm\hibernate-core\6.6.8.Final\hibernate-core-6.6.8.Final.jar;C:\Users\krims_k45\.m2\repository\jakarta\persistence\jakarta.persistence-api\3.1.0\jakarta.persistence-api-3.1.0.jar;C:\Users\krims_k45\.m2\repository\jakarta\transaction\jakarta.transaction-api\2.0.1\jakarta.transaction-api-2.0.1.jar;C:\Users\krims_k45\.m2\repository\org\jboss\logging\jboss-logging\3.6.1.Final\jboss-logging-3.6.1.Final.jar;C:\Users\krims_k45\.m2\repository\org\hibernate\common\hibernate-commons-annotations\7.0.3.Final\hibernate-commons-annotations-7.0.3.Final.jar;C:\Users\krims_k45\.m2\repository\io\smallrye\jandex\3.2.0\jandex-3.2.0.jar;C:\Users\krims_k45\.m2\repository\com\fasterxml\classmate\1.7.0\classmate-1.7.0.jar;C:\Users\krims_k45\.m2\repository\net\bytebuddy\byte-buddy\1.15.11\byte-buddy-1.15.11.jar;C:\Users\krims_k45\.m2\repository\jakarta\xml\bind\jakarta.xml.bind-api\4.0.2\jakarta.xml.bind-api-4.0.2.jar;C:\Users\krims_k45\.m2\repository\jakarta\activation\jakarta.activation-api\2.1.3\jakarta.activation-api-2.1.3.jar;C:\Users\krims_k45\.m2\repository\org\glassfish\jaxb\jaxb-runtime\4.0.5\jaxb-runtime-4.0.5.jar;C:\Users\krims_k45\.m2\repository\org\glassfish\jaxb\jaxb-core\4.0.5\jaxb-core-4.0.5.jar;C:\Users\krims_k45\.m2\repository\org\eclipse\angus\angus-activation\2.0.2\angus-activation-2.0.2.jar;C:\Users\krims_k45\.m2\repository\org\glassfish\jaxb\txw2\4.0.5\txw2-4.0.5.jar;C:\Users\krims_k45\.m2\repository\com\sun\istack\istack-commons-runtime\4.1.2\istack-commons-runtime-4.1.2.jar;C:\Users\krims_k45\.m2\repository\jakarta\inject\jakarta.inject-api\2.0.1\jakarta.inject-api-2.0.1.jar;C:\Users\krims_k45\.m2\repository\org\antlr\antlr4-runtime\4.13.0\antlr4-runtime-4.13.0.jar;C:\Users\krims_k45\.m2\repository\org\springframework\data\spring-data-jpa\3.4.3\spring-data-jpa-3.4.3.jar;C:\Users\krims_k45\.m2\repository\org\springframework\data\spring-data-commons\3.4.3\spring-data-commons-3.4.3.jar;C:\Users\krims_k45\.m2\repository\org\springframework\spring-orm\6.2.3\spring-orm-6.2.3.jar;C:\Users\krims_k45\.m2\repository\org\springframework\spring-tx\6.2.3\spring-tx-6.2.3.jar;C:\Users\krims_k45\.m2\repository\org\springframework\spring-aspects\6.2.3\spring-aspects-6.2.3.jar;C:\Users\krims_k45\.m2\repository\org\aspectj\aspectjweaver\1.9.22.1\aspectjweaver-1.9.22.1.jar;C:\Users\krims_k45\.m2\repository\com\mysql\mysql-connector-j\9.1.0\mysql-connector-j-9.1.0.jar
Launcher Type: SUN_STANDARD

[Global flags]
     intx CICompilerCount                          = 12                                        {product} {ergonomic}
     uint ConcGCThreads                            = 3                                         {product} {ergonomic}
     uint G1ConcRefinementThreads                  = 13                                        {product} {ergonomic}
   size_t G1HeapRegionSize                         = 1048576                                   {product} {ergonomic}
   size_t InitialHeapSize                          = 130023424                                 {product} {ergonomic}
   size_t MarkStackSize                            = 4194304                                   {product} {ergonomic}
   size_t MarkStackSizeMax                         = 536870912                                 {product} {ergonomic}
   size_t MaxHeapSize                              = 2061500416                                {product} {ergonomic}
   size_t MaxNewSize                               = 1236271104                                {product} {ergonomic}
   size_t MinHeapDeltaBytes                        = 1048576                                   {product} {ergonomic}
   size_t MinHeapSize                              = 8388608                                   {product} {ergonomic}
    uintx NonNMethodCodeHeapSize                   = 7602176                                {pd product} {ergonomic}
    uintx NonProfiledCodeHeapSize                  = 122093568                              {pd product} {ergonomic}
    uintx ProfiledCodeHeapSize                     = 121962496                              {pd product} {ergonomic}
    uintx ReservedCodeCacheSize                    = 251658240                              {pd product} {ergonomic}
     bool SegmentedCodeCache                       = true                                      {product} {ergonomic}
   size_t SoftMaxHeapSize                          = 2061500416                             {manageable} {ergonomic}
     bool UseCompressedOops                        = true                           {product lp64_product} {ergonomic}
     bool UseG1GC                                  = true                                      {product} {ergonomic}
     bool UseLargePagesIndividualAllocation        = false                                  {pd product} {ergonomic}

Logging:
Log output configuration:
 #0: stdout all=warning uptime,level,tags foldmultilines=false
 #1: stderr all=off uptime,level,tags foldmultilines=false

Environment Variables:
JAVA_HOME=C:\Program Files\Microsoft\jdk-21.0.6.7-hotspot\
PATH=C:\Program Files\Microsoft\jdk-21.0.6.7-hotspot\bin;C:\Program Files\Common Files\Oracle\Java\javapath;C:\Program Files (x86)\Common Files\Oracle\Java\java8path;C:\Program Files (x86)\Common Files\Oracle\Java\javapath;C:\Windows\system32;C:\Windows;C:\Windows\System32\Wbem;C:\Windows\System32\WindowsPowerShell\v1.0\;C:\Windows\System32\OpenSSH\;C:\Program Files\Microsoft\Web Platform Installer\;C:\Program Files (x86)\Microsoft ASP.NET\ASP.NET Web Pages\v1.0\;C:\Program Files (x86)\Windows Kits\8.0\Windows Performance Toolkit\;C:\Program Files (x86)\Microsoft SQL Server\160\Tools\Binn\;C:\Program Files\Microsoft SQL Server\160\Tools\Binn\;C:\Program Files\Microsoft SQL Server\Client SDK\ODBC\170\Tools\Binn\;C:\Program Files\Microsoft SQL Server\160\DTS\Binn\;C:\Program Files\dotnet\;C:\Program Files (x86)\Microsoft SQL Server\160\DTS\Binn\;C:\Program Files\Git\cmd;C:\Program Files\Microsoft SQL Server\150\Tools\Binn\;C:\Program Files\nodejs\;C:\Program Files\Go\bin;C:\Users\krims_k45\flutter\bin;C:\Users\krims_k45\Downloads\apache-maven-3.9.9-bin\apache-maven-3.9.9\bin;C:\Users\krims_k45\Downloads\flutter_windows_3.27.1-stable.zip\flutter\bin;C:\Program Files\MySQL\MySQL Shell 8.0\bin\;C:\Users\krims_k45\AppData\Local\Programs\Python\Python311\Scripts\;C:\Users\krims_k45\AppData\Local\Programs\Python\Python311\;C:\Users\krims_k45\AppData\Local\Microsoft\WindowsApps;C:\Users\krims_k45\AppData\Local\Programs\Microsoft VS Code\bin;C:\Program Files\Azure Data Studio\bin;C:\Users\krims_k45\.dotnet\tools;C:\ProgramData\krims_k45\GitHubDesktop\bin;C:\Users\krims_k45\AppData\Local\GitHubDesktop\bin;C:\Users\krims_k45\AppData\Local\Microsoft\WinGet\Packages\Schniz.fnm_Microsoft.Winget.Source_8wekyb3d8bbwe;C:\Users\krims_k45\AppData\Roaming\npm;C:\Users\krims_k45\go\bin;C:\Users\krims_k45\flutter\bin;C:\Program Files\JetBrains\IntelliJ IDEA Community Edition 2024.1.5\bin;;D:\JetBrains\IntelliJ IDEA 2021.1.3\bin;;
USERNAME=krims_k45
OS=Windows_NT
PROCESSOR_IDENTIFIER=Intel64 Family 6 Model 154 Stepping 3, GenuineIntel
TMP=C:\Users\KRIMS_~1\AppData\Local\Temp
TEMP=C:\Users\KRIMS_~1\AppData\Local\Temp




Periodic native trim disabled

---------------  S Y S T E M  ---------------

OS:
 Windows 11 , 64 bit Build 22621 (10.0.22621.5415)
OS uptime: 8 days 11:16 hours

CPU: total 16 (initial active 16) (8 cores per cpu, 2 threads per core) family 6 model 154 stepping 3 microcode 0x42c, cx8, cmov, fxsr, ht, mmx, 3dnowpref, sse, sse2, sse3, ssse3, sse4.1, sse4.2, popcnt, lzcnt, tsc, tscinvbit, avx, avx2, aes, erms, clmul, bmi1, bmi2, adx, sha, fma, vzeroupper, clflush, clflushopt, clwb, serialize, rdtscp, rdpid, fsrm, gfni, f16c, pku, cet_ibt, cet_ss
Processor Information for processor 0
  Max Mhz: 1700, Current Mhz: 1700, Mhz Limit: 1700
Processor Information for processor 1
  Max Mhz: 1700, Current Mhz: 1700, Mhz Limit: 1700
Processor Information for processor 2
  Max Mhz: 1700, Current Mhz: 1700, Mhz Limit: 1700
Processor Information for processor 3
  Max Mhz: 1700, Current Mhz: 1700, Mhz Limit: 1700
Processor Information for processor 4
  Max Mhz: 1700, Current Mhz: 1700, Mhz Limit: 1700
Processor Information for processor 5
  Max Mhz: 1700, Current Mhz: 1700, Mhz Limit: 1700
Processor Information for processor 6
  Max Mhz: 1700, Current Mhz: 1700, Mhz Limit: 1700
Processor Information for processor 7
  Max Mhz: 1700, Current Mhz: 1700, Mhz Limit: 1700
Processor Information for processor 8
  Max Mhz: 1700, Current Mhz: 1200, Mhz Limit: 1190
Processor Information for processor 9
  Max Mhz: 1700, Current Mhz: 1200, Mhz Limit: 1190
Processor Information for processor 10
  Max Mhz: 1700, Current Mhz: 1200, Mhz Limit: 1190
Processor Information for processor 11
  Max Mhz: 1700, Current Mhz: 1200, Mhz Limit: 1190
Processor Information for processor 12
  Max Mhz: 1700, Current Mhz: 1200, Mhz Limit: 1190
Processor Information for processor 13
  Max Mhz: 1700, Current Mhz: 1200, Mhz Limit: 1190
Processor Information for processor 14
  Max Mhz: 1700, Current Mhz: 1200, Mhz Limit: 1190
Processor Information for processor 15
  Max Mhz: 1700, Current Mhz: 1200, Mhz Limit: 1190

Memory: 4k page, system-wide physical 7860M (609M free)
TotalPageFile size 15929M (AvailPageFile size 37M)
current process WorkingSet (physical memory assigned to process): 133M, peak: 134M
current process commit charge ("private bytes"): 275M, peak: 276M

vm_info: OpenJDK 64-Bit Server VM (23.0.2+7-58) for windows-amd64 JRE (23.0.2+7-58), built on 2024-11-29T09:34:55Z with MS VC++ 17.6 (VS2022)

END.
